<?xml version="1.0" encoding="UTF-8"?>
<coverage generated="1707218741484" clover="3.2.0">
  <project timestamp="1707218741484" name="All files">
    <metrics statements="8" coveredstatements="5" conditionals="1" coveredconditionals="1" methods="2" coveredmethods="1" elements="11" coveredelements="7" complexity="0" loc="8" ncloc="8" packages="1" files="1" classes="1"/>
    <file name="demo.ts" path="C:\Users\Bisha\Desktop\Node practice\src\demo.ts">
      <metrics statements="8" coveredstatements="5" conditionals="1" coveredconditionals="1" methods="2" coveredmethods="1"/>
      <line num="1" count="1" type="cond" truecount="1" falsecount="0"/>
      <line num="2" count="1" type="stmt"/>
      <line num="3" count="1" type="stmt"/>
      <line num="4" count="1" type="stmt"/>
      <line num="5" count="0" type="stmt"/>
      <line num="6" count="0" type="stmt"/>
      <line num="7" count="0" type="stmt"/>
      <line num="8" count="1" type="stmt"/>
    </file>
  </project>
</coverage>
